11-May-2025 12:47:05.072 INFO [main] org.apache.catalina.startup.VersionLoggerListener.log Server version name:   Apache Tomcat/9.0.104
11-May-2025 12:47:05.076 INFO [main] org.apache.catalina.startup.VersionLoggerListener.log Server built:          Apr 4 2025 12:32:55 UTC
11-May-2025 12:47:05.076 INFO [main] org.apache.catalina.startup.VersionLoggerListener.log Server version number: 9.0.104.0
11-May-2025 12:47:05.076 INFO [main] org.apache.catalina.startup.VersionLoggerListener.log OS Name:               Linux
11-May-2025 12:47:05.076 INFO [main] org.apache.catalina.startup.VersionLoggerListener.log OS Version:            6.8.0-52-generic
11-May-2025 12:47:05.077 INFO [main] org.apache.catalina.startup.VersionLoggerListener.log Architecture:          amd64
11-May-2025 12:47:05.077 INFO [main] org.apache.catalina.startup.VersionLoggerListener.log Java Home:             /usr/lib/jvm/java-11-openjdk-amd64
11-May-2025 12:47:05.077 INFO [main] org.apache.catalina.startup.VersionLoggerListener.log JVM Version:           11.0.26+4-post-Ubuntu-1ubuntu122.04
11-May-2025 12:47:05.077 INFO [main] org.apache.catalina.startup.VersionLoggerListener.log JVM Vendor:            Ubuntu
11-May-2025 12:47:05.077 INFO [main] org.apache.catalina.startup.VersionLoggerListener.log CATALINA_BASE:         /home/dragon/apache-tomcat-9.0.104/apache-tomcat-9.0.104
11-May-2025 12:47:05.077 INFO [main] org.apache.catalina.startup.VersionLoggerListener.log CATALINA_HOME:         /home/dragon/apache-tomcat-9.0.104/apache-tomcat-9.0.104
11-May-2025 12:47:05.088 INFO [main] org.apache.catalina.startup.VersionLoggerListener.log Command line argument: --add-opens=java.base/java.lang=ALL-UNNAMED
11-May-2025 12:47:05.089 INFO [main] org.apache.catalina.startup.VersionLoggerListener.log Command line argument: --add-opens=java.base/java.lang.invoke=ALL-UNNAMED
11-May-2025 12:47:05.089 INFO [main] org.apache.catalina.startup.VersionLoggerListener.log Command line argument: --add-opens=java.base/java.lang.reflect=ALL-UNNAMED
11-May-2025 12:47:05.089 INFO [main] org.apache.catalina.startup.VersionLoggerListener.log Command line argument: --add-opens=java.base/java.io=ALL-UNNAMED
11-May-2025 12:47:05.089 INFO [main] org.apache.catalina.startup.VersionLoggerListener.log Command line argument: --add-opens=java.base/java.util=ALL-UNNAMED
11-May-2025 12:47:05.089 INFO [main] org.apache.catalina.startup.VersionLoggerListener.log Command line argument: --add-opens=java.base/java.util.concurrent=ALL-UNNAMED
11-May-2025 12:47:05.090 INFO [main] org.apache.catalina.startup.VersionLoggerListener.log Command line argument: --add-opens=java.rmi/sun.rmi.transport=ALL-UNNAMED
11-May-2025 12:47:05.090 INFO [main] org.apache.catalina.startup.VersionLoggerListener.log Command line argument: -Djava.util.logging.config.file=/home/dragon/apache-tomcat-9.0.104/apache-tomcat-9.0.104/conf/logging.properties
11-May-2025 12:47:05.090 INFO [main] org.apache.catalina.startup.VersionLoggerListener.log Command line argument: -Djava.util.logging.manager=org.apache.juli.ClassLoaderLogManager
11-May-2025 12:47:05.090 INFO [main] org.apache.catalina.startup.VersionLoggerListener.log Command line argument: -Djdk.tls.ephemeralDHKeySize=2048
11-May-2025 12:47:05.090 INFO [main] org.apache.catalina.startup.VersionLoggerListener.log Command line argument: -Djava.protocol.handler.pkgs=org.apache.catalina.webresources
11-May-2025 12:47:05.090 INFO [main] org.apache.catalina.startup.VersionLoggerListener.log Command line argument: -Dsun.io.useCanonCaches=false
11-May-2025 12:47:05.090 INFO [main] org.apache.catalina.startup.VersionLoggerListener.log Command line argument: -Dorg.apache.catalina.security.SecurityListener.UMASK=0027
11-May-2025 12:47:05.091 INFO [main] org.apache.catalina.startup.VersionLoggerListener.log Command line argument: -Dignore.endorsed.dirs=
11-May-2025 12:47:05.091 INFO [main] org.apache.catalina.startup.VersionLoggerListener.log Command line argument: -Dcatalina.base=/home/dragon/apache-tomcat-9.0.104/apache-tomcat-9.0.104
11-May-2025 12:47:05.091 INFO [main] org.apache.catalina.startup.VersionLoggerListener.log Command line argument: -Dcatalina.home=/home/dragon/apache-tomcat-9.0.104/apache-tomcat-9.0.104
11-May-2025 12:47:05.091 INFO [main] org.apache.catalina.startup.VersionLoggerListener.log Command line argument: -Djava.io.tmpdir=/home/dragon/apache-tomcat-9.0.104/apache-tomcat-9.0.104/temp
11-May-2025 12:47:05.093 INFO [main] org.apache.catalina.core.AprLifecycleListener.lifecycleEvent The Apache Tomcat Native library which allows using OpenSSL was not found on the java.library.path: [/usr/java/packages/lib:/usr/lib/x86_64-linux-gnu/jni:/lib/x86_64-linux-gnu:/usr/lib/x86_64-linux-gnu:/usr/lib/jni:/lib:/usr/lib]
11-May-2025 12:47:05.456 INFO [main] org.apache.coyote.AbstractProtocol.init Initializing ProtocolHandler ["http-nio-8080"]
11-May-2025 12:47:05.469 SEVERE [main] org.apache.catalina.util.LifecycleBase.handleSubClassException Failed to initialize component [Connector["http-nio-8080"]]
	org.apache.catalina.LifecycleException: Protocol handler initialization failed
		at org.apache.catalina.connector.Connector.initInternal(Connector.java:1048)
		at org.apache.catalina.util.LifecycleBase.init(LifecycleBase.java:122)
		at org.apache.catalina.core.StandardService.initInternal(StandardService.java:522)
		at org.apache.catalina.util.LifecycleBase.init(LifecycleBase.java:122)
		at org.apache.catalina.core.StandardServer.initInternal(StandardServer.java:986)
		at org.apache.catalina.util.LifecycleBase.init(LifecycleBase.java:122)
		at org.apache.catalina.startup.Catalina.load(Catalina.java:690)
		at org.apache.catalina.startup.Catalina.load(Catalina.java:713)
		at java.base/jdk.internal.reflect.NativeMethodAccessorImpl.invoke0(Native Method)
		at java.base/jdk.internal.reflect.NativeMethodAccessorImpl.invoke(NativeMethodAccessorImpl.java:62)
		at java.base/jdk.internal.reflect.DelegatingMethodAccessorImpl.invoke(DelegatingMethodAccessorImpl.java:43)
		at java.base/java.lang.reflect.Method.invoke(Method.java:566)
		at org.apache.catalina.startup.Bootstrap.load(Bootstrap.java:302)
		at org.apache.catalina.startup.Bootstrap.main(Bootstrap.java:475)
	Caused by: java.net.BindException: Address already in use
		at java.base/sun.nio.ch.Net.bind0(Native Method)
		at java.base/sun.nio.ch.Net.bind(Net.java:459)
		at java.base/sun.nio.ch.Net.bind(Net.java:448)
		at java.base/sun.nio.ch.ServerSocketChannelImpl.bind(ServerSocketChannelImpl.java:227)
		at org.apache.tomcat.util.net.NioEndpoint.initServerSocket(NioEndpoint.java:268)
		at org.apache.tomcat.util.net.NioEndpoint.bind(NioEndpoint.java:223)
		at org.apache.tomcat.util.net.AbstractEndpoint.bindWithCleanup(AbstractEndpoint.java:1373)
		at org.apache.tomcat.util.net.AbstractEndpoint.init(AbstractEndpoint.java:1386)
		at org.apache.coyote.AbstractProtocol.init(AbstractProtocol.java:663)
		at org.apache.coyote.http11.AbstractHttp11Protocol.init(AbstractHttp11Protocol.java:80)
		at org.apache.catalina.connector.Connector.initInternal(Connector.java:1046)
		... 13 more
11-May-2025 12:47:05.470 INFO [main] org.apache.catalina.startup.Catalina.load Server initialization in [634] milliseconds
11-May-2025 12:47:05.535 INFO [main] org.apache.catalina.core.StandardService.startInternal Starting service [Catalina]
11-May-2025 12:47:05.535 INFO [main] org.apache.catalina.core.StandardEngine.startInternal Starting Servlet engine: [Apache Tomcat/9.0.104]
11-May-2025 12:47:05.544 INFO [main] org.apache.catalina.startup.HostConfig.deployDirectory Deploying web application directory [/home/dragon/apache-tomcat-9.0.104/apache-tomcat-9.0.104/webapps/manager]
11-May-2025 12:47:05.836 INFO [main] org.apache.catalina.startup.HostConfig.deployDirectory Deployment of web application directory [/home/dragon/apache-tomcat-9.0.104/apache-tomcat-9.0.104/webapps/manager] has finished in [291] ms
11-May-2025 12:47:05.836 INFO [main] org.apache.catalina.startup.HostConfig.deployDirectory Deploying web application directory [/home/dragon/apache-tomcat-9.0.104/apache-tomcat-9.0.104/webapps/ROOT]
11-May-2025 12:47:05.862 INFO [main] org.apache.catalina.startup.HostConfig.deployDirectory Deployment of web application directory [/home/dragon/apache-tomcat-9.0.104/apache-tomcat-9.0.104/webapps/ROOT] has finished in [25] ms
11-May-2025 12:47:05.862 INFO [main] org.apache.catalina.startup.HostConfig.deployDirectory Deploying web application directory [/home/dragon/apache-tomcat-9.0.104/apache-tomcat-9.0.104/webapps/examples]
11-May-2025 12:47:06.088 INFO [main] org.apache.catalina.startup.HostConfig.deployDirectory Deployment of web application directory [/home/dragon/apache-tomcat-9.0.104/apache-tomcat-9.0.104/webapps/examples] has finished in [225] ms
11-May-2025 12:47:06.088 INFO [main] org.apache.catalina.startup.HostConfig.deployDirectory Deploying web application directory [/home/dragon/apache-tomcat-9.0.104/apache-tomcat-9.0.104/webapps/docs]
11-May-2025 12:47:06.110 INFO [main] org.apache.catalina.startup.HostConfig.deployDirectory Deployment of web application directory [/home/dragon/apache-tomcat-9.0.104/apache-tomcat-9.0.104/webapps/docs] has finished in [22] ms
11-May-2025 12:47:06.110 INFO [main] org.apache.catalina.startup.HostConfig.deployDirectory Deploying web application directory [/home/dragon/apache-tomcat-9.0.104/apache-tomcat-9.0.104/webapps/host-manager]
11-May-2025 12:47:06.133 INFO [main] org.apache.catalina.startup.HostConfig.deployDirectory Deployment of web application directory [/home/dragon/apache-tomcat-9.0.104/apache-tomcat-9.0.104/webapps/host-manager] has finished in [22] ms
11-May-2025 12:47:06.140 INFO [main] org.apache.catalina.startup.Catalina.start Server startup in [669] milliseconds
11-May-2025 12:47:06.142 SEVERE [main] org.apache.catalina.core.StandardServer.await Failed to create server shutdown socket on address [localhost] and port [8005] (base port [8005] and offset [0])
	java.net.BindException: Address already in use (Bind failed)
		at java.base/java.net.PlainSocketImpl.socketBind(Native Method)
		at java.base/java.net.AbstractPlainSocketImpl.bind(AbstractPlainSocketImpl.java:452)
		at java.base/java.net.ServerSocket.bind(ServerSocket.java:395)
		at java.base/java.net.ServerSocket.<init>(ServerSocket.java:257)
		at org.apache.catalina.core.StandardServer.await(StandardServer.java:537)
		at org.apache.catalina.startup.Catalina.await(Catalina.java:829)
		at org.apache.catalina.startup.Catalina.start(Catalina.java:777)
		at java.base/jdk.internal.reflect.NativeMethodAccessorImpl.invoke0(Native Method)
		at java.base/jdk.internal.reflect.NativeMethodAccessorImpl.invoke(NativeMethodAccessorImpl.java:62)
		at java.base/jdk.internal.reflect.DelegatingMethodAccessorImpl.invoke(DelegatingMethodAccessorImpl.java:43)
		at java.base/java.lang.reflect.Method.invoke(Method.java:566)
		at org.apache.catalina.startup.Bootstrap.start(Bootstrap.java:345)
		at org.apache.catalina.startup.Bootstrap.main(Bootstrap.java:476)
11-May-2025 12:47:06.143 INFO [main] org.apache.coyote.AbstractProtocol.pause Pausing ProtocolHandler ["http-nio-8080"]
11-May-2025 12:47:06.143 INFO [main] org.apache.catalina.core.StandardService.stopInternal Stopping service [Catalina]
11-May-2025 12:47:06.178 INFO [main] org.apache.coyote.AbstractProtocol.stop Stopping ProtocolHandler ["http-nio-8080"]
11-May-2025 12:47:06.180 INFO [main] org.apache.coyote.AbstractProtocol.destroy Destroying ProtocolHandler ["http-nio-8080"]
11-May-2025 13:29:44.220 INFO [main] org.apache.catalina.startup.VersionLoggerListener.log Server version name:   Apache Tomcat/9.0.104
11-May-2025 13:29:44.224 INFO [main] org.apache.catalina.startup.VersionLoggerListener.log Server built:          Apr 4 2025 12:32:55 UTC
11-May-2025 13:29:44.224 INFO [main] org.apache.catalina.startup.VersionLoggerListener.log Server version number: 9.0.104.0
11-May-2025 13:29:44.225 INFO [main] org.apache.catalina.startup.VersionLoggerListener.log OS Name:               Linux
11-May-2025 13:29:44.225 INFO [main] org.apache.catalina.startup.VersionLoggerListener.log OS Version:            6.8.0-52-generic
11-May-2025 13:29:44.225 INFO [main] org.apache.catalina.startup.VersionLoggerListener.log Architecture:          amd64
11-May-2025 13:29:44.225 INFO [main] org.apache.catalina.startup.VersionLoggerListener.log Java Home:             /usr/lib/jvm/java-11-openjdk-amd64
11-May-2025 13:29:44.225 INFO [main] org.apache.catalina.startup.VersionLoggerListener.log JVM Version:           11.0.26+4-post-Ubuntu-1ubuntu122.04
11-May-2025 13:29:44.225 INFO [main] org.apache.catalina.startup.VersionLoggerListener.log JVM Vendor:            Ubuntu
11-May-2025 13:29:44.225 INFO [main] org.apache.catalina.startup.VersionLoggerListener.log CATALINA_BASE:         /home/dragon/apache-tomcat-9.0.104/apache-tomcat-9.0.104
11-May-2025 13:29:44.226 INFO [main] org.apache.catalina.startup.VersionLoggerListener.log CATALINA_HOME:         /home/dragon/apache-tomcat-9.0.104/apache-tomcat-9.0.104
11-May-2025 13:29:44.236 INFO [main] org.apache.catalina.startup.VersionLoggerListener.log Command line argument: --add-opens=java.base/java.lang=ALL-UNNAMED
11-May-2025 13:29:44.237 INFO [main] org.apache.catalina.startup.VersionLoggerListener.log Command line argument: --add-opens=java.base/java.lang.invoke=ALL-UNNAMED
11-May-2025 13:29:44.237 INFO [main] org.apache.catalina.startup.VersionLoggerListener.log Command line argument: --add-opens=java.base/java.lang.reflect=ALL-UNNAMED
11-May-2025 13:29:44.237 INFO [main] org.apache.catalina.startup.VersionLoggerListener.log Command line argument: --add-opens=java.base/java.io=ALL-UNNAMED
11-May-2025 13:29:44.237 INFO [main] org.apache.catalina.startup.VersionLoggerListener.log Command line argument: --add-opens=java.base/java.util=ALL-UNNAMED
11-May-2025 13:29:44.237 INFO [main] org.apache.catalina.startup.VersionLoggerListener.log Command line argument: --add-opens=java.base/java.util.concurrent=ALL-UNNAMED
11-May-2025 13:29:44.238 INFO [main] org.apache.catalina.startup.VersionLoggerListener.log Command line argument: --add-opens=java.rmi/sun.rmi.transport=ALL-UNNAMED
11-May-2025 13:29:44.238 INFO [main] org.apache.catalina.startup.VersionLoggerListener.log Command line argument: -Djava.util.logging.config.file=/home/dragon/apache-tomcat-9.0.104/apache-tomcat-9.0.104/conf/logging.properties
11-May-2025 13:29:44.238 INFO [main] org.apache.catalina.startup.VersionLoggerListener.log Command line argument: -Djava.util.logging.manager=org.apache.juli.ClassLoaderLogManager
11-May-2025 13:29:44.238 INFO [main] org.apache.catalina.startup.VersionLoggerListener.log Command line argument: -Djdk.tls.ephemeralDHKeySize=2048
11-May-2025 13:29:44.238 INFO [main] org.apache.catalina.startup.VersionLoggerListener.log Command line argument: -Djava.protocol.handler.pkgs=org.apache.catalina.webresources
11-May-2025 13:29:44.238 INFO [main] org.apache.catalina.startup.VersionLoggerListener.log Command line argument: -Dsun.io.useCanonCaches=false
11-May-2025 13:29:44.238 INFO [main] org.apache.catalina.startup.VersionLoggerListener.log Command line argument: -Dorg.apache.catalina.security.SecurityListener.UMASK=0027
11-May-2025 13:29:44.239 INFO [main] org.apache.catalina.startup.VersionLoggerListener.log Command line argument: -Dignore.endorsed.dirs=
11-May-2025 13:29:44.239 INFO [main] org.apache.catalina.startup.VersionLoggerListener.log Command line argument: -Dcatalina.base=/home/dragon/apache-tomcat-9.0.104/apache-tomcat-9.0.104
11-May-2025 13:29:44.239 INFO [main] org.apache.catalina.startup.VersionLoggerListener.log Command line argument: -Dcatalina.home=/home/dragon/apache-tomcat-9.0.104/apache-tomcat-9.0.104
11-May-2025 13:29:44.239 INFO [main] org.apache.catalina.startup.VersionLoggerListener.log Command line argument: -Djava.io.tmpdir=/home/dragon/apache-tomcat-9.0.104/apache-tomcat-9.0.104/temp
11-May-2025 13:29:44.241 INFO [main] org.apache.catalina.core.AprLifecycleListener.lifecycleEvent The Apache Tomcat Native library which allows using OpenSSL was not found on the java.library.path: [/usr/java/packages/lib:/usr/lib/x86_64-linux-gnu/jni:/lib/x86_64-linux-gnu:/usr/lib/x86_64-linux-gnu:/usr/lib/jni:/lib:/usr/lib]
11-May-2025 13:29:44.588 INFO [main] org.apache.coyote.AbstractProtocol.init Initializing ProtocolHandler ["http-nio-8080"]
11-May-2025 13:29:44.602 SEVERE [main] org.apache.catalina.util.LifecycleBase.handleSubClassException Failed to initialize component [Connector["http-nio-8080"]]
	org.apache.catalina.LifecycleException: Protocol handler initialization failed
		at org.apache.catalina.connector.Connector.initInternal(Connector.java:1048)
		at org.apache.catalina.util.LifecycleBase.init(LifecycleBase.java:122)
		at org.apache.catalina.core.StandardService.initInternal(StandardService.java:522)
		at org.apache.catalina.util.LifecycleBase.init(LifecycleBase.java:122)
		at org.apache.catalina.core.StandardServer.initInternal(StandardServer.java:986)
		at org.apache.catalina.util.LifecycleBase.init(LifecycleBase.java:122)
		at org.apache.catalina.startup.Catalina.load(Catalina.java:690)
		at org.apache.catalina.startup.Catalina.load(Catalina.java:713)
		at java.base/jdk.internal.reflect.NativeMethodAccessorImpl.invoke0(Native Method)
		at java.base/jdk.internal.reflect.NativeMethodAccessorImpl.invoke(NativeMethodAccessorImpl.java:62)
		at java.base/jdk.internal.reflect.DelegatingMethodAccessorImpl.invoke(DelegatingMethodAccessorImpl.java:43)
		at java.base/java.lang.reflect.Method.invoke(Method.java:566)
		at org.apache.catalina.startup.Bootstrap.load(Bootstrap.java:302)
		at org.apache.catalina.startup.Bootstrap.main(Bootstrap.java:475)
	Caused by: java.net.BindException: Address already in use
		at java.base/sun.nio.ch.Net.bind0(Native Method)
		at java.base/sun.nio.ch.Net.bind(Net.java:459)
		at java.base/sun.nio.ch.Net.bind(Net.java:448)
		at java.base/sun.nio.ch.ServerSocketChannelImpl.bind(ServerSocketChannelImpl.java:227)
		at org.apache.tomcat.util.net.NioEndpoint.initServerSocket(NioEndpoint.java:268)
		at org.apache.tomcat.util.net.NioEndpoint.bind(NioEndpoint.java:223)
		at org.apache.tomcat.util.net.AbstractEndpoint.bindWithCleanup(AbstractEndpoint.java:1373)
		at org.apache.tomcat.util.net.AbstractEndpoint.init(AbstractEndpoint.java:1386)
		at org.apache.coyote.AbstractProtocol.init(AbstractProtocol.java:663)
		at org.apache.coyote.http11.AbstractHttp11Protocol.init(AbstractHttp11Protocol.java:80)
		at org.apache.catalina.connector.Connector.initInternal(Connector.java:1046)
		... 13 more
11-May-2025 13:29:44.604 INFO [main] org.apache.catalina.startup.Catalina.load Server initialization in [622] milliseconds
11-May-2025 13:29:44.670 INFO [main] org.apache.catalina.core.StandardService.startInternal Starting service [Catalina]
11-May-2025 13:29:44.671 INFO [main] org.apache.catalina.core.StandardEngine.startInternal Starting Servlet engine: [Apache Tomcat/9.0.104]
11-May-2025 13:29:44.680 INFO [main] org.apache.catalina.startup.HostConfig.deployDirectory Deploying web application directory [/home/dragon/apache-tomcat-9.0.104/apache-tomcat-9.0.104/webapps/manager]
11-May-2025 13:29:44.978 INFO [main] org.apache.catalina.startup.HostConfig.deployDirectory Deployment of web application directory [/home/dragon/apache-tomcat-9.0.104/apache-tomcat-9.0.104/webapps/manager] has finished in [297] ms
11-May-2025 13:29:44.978 INFO [main] org.apache.catalina.startup.HostConfig.deployDirectory Deploying web application directory [/home/dragon/apache-tomcat-9.0.104/apache-tomcat-9.0.104/webapps/ROOT]
11-May-2025 13:29:45.003 INFO [main] org.apache.catalina.startup.HostConfig.deployDirectory Deployment of web application directory [/home/dragon/apache-tomcat-9.0.104/apache-tomcat-9.0.104/webapps/ROOT] has finished in [25] ms
11-May-2025 13:29:45.004 INFO [main] org.apache.catalina.startup.HostConfig.deployDirectory Deploying web application directory [/home/dragon/apache-tomcat-9.0.104/apache-tomcat-9.0.104/webapps/examples]
11-May-2025 13:29:45.247 INFO [main] org.apache.catalina.startup.HostConfig.deployDirectory Deployment of web application directory [/home/dragon/apache-tomcat-9.0.104/apache-tomcat-9.0.104/webapps/examples] has finished in [242] ms
11-May-2025 13:29:45.247 INFO [main] org.apache.catalina.startup.HostConfig.deployDirectory Deploying web application directory [/home/dragon/apache-tomcat-9.0.104/apache-tomcat-9.0.104/webapps/docs]
11-May-2025 13:29:45.272 INFO [main] org.apache.catalina.startup.HostConfig.deployDirectory Deployment of web application directory [/home/dragon/apache-tomcat-9.0.104/apache-tomcat-9.0.104/webapps/docs] has finished in [25] ms
11-May-2025 13:29:45.272 INFO [main] org.apache.catalina.startup.HostConfig.deployDirectory Deploying web application directory [/home/dragon/apache-tomcat-9.0.104/apache-tomcat-9.0.104/webapps/host-manager]
11-May-2025 13:29:45.295 INFO [main] org.apache.catalina.startup.HostConfig.deployDirectory Deployment of web application directory [/home/dragon/apache-tomcat-9.0.104/apache-tomcat-9.0.104/webapps/host-manager] has finished in [23] ms
11-May-2025 13:29:45.295 INFO [main] org.apache.catalina.startup.HostConfig.deployDirectory Deploying web application directory [/home/dragon/apache-tomcat-9.0.104/apache-tomcat-9.0.104/webapps/lab13]
11-May-2025 13:29:45.305 WARNING [main] org.apache.tomcat.util.descriptor.web.WebXml.setVersion Unknown version string [5.0]. Default version will be used.
11-May-2025 13:29:45.332 INFO [main] org.apache.catalina.startup.HostConfig.deployDirectory Deployment of web application directory [/home/dragon/apache-tomcat-9.0.104/apache-tomcat-9.0.104/webapps/lab13] has finished in [37] ms
11-May-2025 13:29:45.340 INFO [main] org.apache.catalina.startup.Catalina.start Server startup in [735] milliseconds
11-May-2025 13:29:45.342 SEVERE [main] org.apache.catalina.core.StandardServer.await Failed to create server shutdown socket on address [localhost] and port [8005] (base port [8005] and offset [0])
	java.net.BindException: Address already in use (Bind failed)
		at java.base/java.net.PlainSocketImpl.socketBind(Native Method)
		at java.base/java.net.AbstractPlainSocketImpl.bind(AbstractPlainSocketImpl.java:452)
		at java.base/java.net.ServerSocket.bind(ServerSocket.java:395)
		at java.base/java.net.ServerSocket.<init>(ServerSocket.java:257)
		at org.apache.catalina.core.StandardServer.await(StandardServer.java:537)
		at org.apache.catalina.startup.Catalina.await(Catalina.java:829)
		at org.apache.catalina.startup.Catalina.start(Catalina.java:777)
		at java.base/jdk.internal.reflect.NativeMethodAccessorImpl.invoke0(Native Method)
		at java.base/jdk.internal.reflect.NativeMethodAccessorImpl.invoke(NativeMethodAccessorImpl.java:62)
		at java.base/jdk.internal.reflect.DelegatingMethodAccessorImpl.invoke(DelegatingMethodAccessorImpl.java:43)
		at java.base/java.lang.reflect.Method.invoke(Method.java:566)
		at org.apache.catalina.startup.Bootstrap.start(Bootstrap.java:345)
		at org.apache.catalina.startup.Bootstrap.main(Bootstrap.java:476)
11-May-2025 13:29:45.343 INFO [main] org.apache.coyote.AbstractProtocol.pause Pausing ProtocolHandler ["http-nio-8080"]
11-May-2025 13:29:45.343 INFO [main] org.apache.catalina.core.StandardService.stopInternal Stopping service [Catalina]
11-May-2025 13:29:45.372 INFO [main] org.apache.coyote.AbstractProtocol.stop Stopping ProtocolHandler ["http-nio-8080"]
11-May-2025 13:29:45.374 INFO [main] org.apache.coyote.AbstractProtocol.destroy Destroying ProtocolHandler ["http-nio-8080"]
11-May-2025 13:50:39.160 INFO [main] org.apache.catalina.startup.VersionLoggerListener.log Server version name:   Apache Tomcat/9.0.104
11-May-2025 13:50:39.164 INFO [main] org.apache.catalina.startup.VersionLoggerListener.log Server built:          Apr 4 2025 12:32:55 UTC
11-May-2025 13:50:39.164 INFO [main] org.apache.catalina.startup.VersionLoggerListener.log Server version number: 9.0.104.0
11-May-2025 13:50:39.165 INFO [main] org.apache.catalina.startup.VersionLoggerListener.log OS Name:               Linux
11-May-2025 13:50:39.165 INFO [main] org.apache.catalina.startup.VersionLoggerListener.log OS Version:            6.8.0-52-generic
11-May-2025 13:50:39.165 INFO [main] org.apache.catalina.startup.VersionLoggerListener.log Architecture:          amd64
11-May-2025 13:50:39.165 INFO [main] org.apache.catalina.startup.VersionLoggerListener.log Java Home:             /usr/lib/jvm/java-11-openjdk-amd64
11-May-2025 13:50:39.165 INFO [main] org.apache.catalina.startup.VersionLoggerListener.log JVM Version:           11.0.26+4-post-Ubuntu-1ubuntu122.04
11-May-2025 13:50:39.165 INFO [main] org.apache.catalina.startup.VersionLoggerListener.log JVM Vendor:            Ubuntu
11-May-2025 13:50:39.166 INFO [main] org.apache.catalina.startup.VersionLoggerListener.log CATALINA_BASE:         /home/dragon/apache-tomcat-9.0.104/apache-tomcat-9.0.104
11-May-2025 13:50:39.166 INFO [main] org.apache.catalina.startup.VersionLoggerListener.log CATALINA_HOME:         /home/dragon/apache-tomcat-9.0.104/apache-tomcat-9.0.104
11-May-2025 13:50:39.178 INFO [main] org.apache.catalina.startup.VersionLoggerListener.log Command line argument: --add-opens=java.base/java.lang=ALL-UNNAMED
11-May-2025 13:50:39.179 INFO [main] org.apache.catalina.startup.VersionLoggerListener.log Command line argument: --add-opens=java.base/java.lang.invoke=ALL-UNNAMED
11-May-2025 13:50:39.179 INFO [main] org.apache.catalina.startup.VersionLoggerListener.log Command line argument: --add-opens=java.base/java.lang.reflect=ALL-UNNAMED
11-May-2025 13:50:39.179 INFO [main] org.apache.catalina.startup.VersionLoggerListener.log Command line argument: --add-opens=java.base/java.io=ALL-UNNAMED
11-May-2025 13:50:39.179 INFO [main] org.apache.catalina.startup.VersionLoggerListener.log Command line argument: --add-opens=java.base/java.util=ALL-UNNAMED
11-May-2025 13:50:39.179 INFO [main] org.apache.catalina.startup.VersionLoggerListener.log Command line argument: --add-opens=java.base/java.util.concurrent=ALL-UNNAMED
11-May-2025 13:50:39.179 INFO [main] org.apache.catalina.startup.VersionLoggerListener.log Command line argument: --add-opens=java.rmi/sun.rmi.transport=ALL-UNNAMED
11-May-2025 13:50:39.179 INFO [main] org.apache.catalina.startup.VersionLoggerListener.log Command line argument: -Djava.util.logging.config.file=/home/dragon/apache-tomcat-9.0.104/apache-tomcat-9.0.104/conf/logging.properties
11-May-2025 13:50:39.180 INFO [main] org.apache.catalina.startup.VersionLoggerListener.log Command line argument: -Djava.util.logging.manager=org.apache.juli.ClassLoaderLogManager
11-May-2025 13:50:39.180 INFO [main] org.apache.catalina.startup.VersionLoggerListener.log Command line argument: -Djdk.tls.ephemeralDHKeySize=2048
11-May-2025 13:50:39.180 INFO [main] org.apache.catalina.startup.VersionLoggerListener.log Command line argument: -Djava.protocol.handler.pkgs=org.apache.catalina.webresources
11-May-2025 13:50:39.180 INFO [main] org.apache.catalina.startup.VersionLoggerListener.log Command line argument: -Dsun.io.useCanonCaches=false
11-May-2025 13:50:39.180 INFO [main] org.apache.catalina.startup.VersionLoggerListener.log Command line argument: -Dorg.apache.catalina.security.SecurityListener.UMASK=0027
11-May-2025 13:50:39.180 INFO [main] org.apache.catalina.startup.VersionLoggerListener.log Command line argument: -Dignore.endorsed.dirs=
11-May-2025 13:50:39.181 INFO [main] org.apache.catalina.startup.VersionLoggerListener.log Command line argument: -Dcatalina.base=/home/dragon/apache-tomcat-9.0.104/apache-tomcat-9.0.104
11-May-2025 13:50:39.181 INFO [main] org.apache.catalina.startup.VersionLoggerListener.log Command line argument: -Dcatalina.home=/home/dragon/apache-tomcat-9.0.104/apache-tomcat-9.0.104
11-May-2025 13:50:39.181 INFO [main] org.apache.catalina.startup.VersionLoggerListener.log Command line argument: -Djava.io.tmpdir=/home/dragon/apache-tomcat-9.0.104/apache-tomcat-9.0.104/temp
11-May-2025 13:50:39.183 INFO [main] org.apache.catalina.core.AprLifecycleListener.lifecycleEvent The Apache Tomcat Native library which allows using OpenSSL was not found on the java.library.path: [/usr/java/packages/lib:/usr/lib/x86_64-linux-gnu/jni:/lib/x86_64-linux-gnu:/usr/lib/x86_64-linux-gnu:/usr/lib/jni:/lib:/usr/lib]
11-May-2025 13:50:39.544 INFO [main] org.apache.coyote.AbstractProtocol.init Initializing ProtocolHandler ["http-nio-8080"]
11-May-2025 13:50:39.568 INFO [main] org.apache.catalina.startup.Catalina.load Server initialization in [641] milliseconds
11-May-2025 13:50:39.630 INFO [main] org.apache.catalina.core.StandardService.startInternal Starting service [Catalina]
11-May-2025 13:50:39.631 INFO [main] org.apache.catalina.core.StandardEngine.startInternal Starting Servlet engine: [Apache Tomcat/9.0.104]
11-May-2025 13:50:39.639 INFO [main] org.apache.catalina.startup.HostConfig.deployDirectory Deploying web application directory [/home/dragon/apache-tomcat-9.0.104/apache-tomcat-9.0.104/webapps/manager]
11-May-2025 13:50:39.951 INFO [main] org.apache.catalina.startup.HostConfig.deployDirectory Deployment of web application directory [/home/dragon/apache-tomcat-9.0.104/apache-tomcat-9.0.104/webapps/manager] has finished in [311] ms
11-May-2025 13:50:39.951 INFO [main] org.apache.catalina.startup.HostConfig.deployDirectory Deploying web application directory [/home/dragon/apache-tomcat-9.0.104/apache-tomcat-9.0.104/webapps/ROOT]
11-May-2025 13:50:39.974 INFO [main] org.apache.catalina.startup.HostConfig.deployDirectory Deployment of web application directory [/home/dragon/apache-tomcat-9.0.104/apache-tomcat-9.0.104/webapps/ROOT] has finished in [23] ms
11-May-2025 13:50:39.975 INFO [main] org.apache.catalina.startup.HostConfig.deployDirectory Deploying web application directory [/home/dragon/apache-tomcat-9.0.104/apache-tomcat-9.0.104/webapps/examples]
11-May-2025 13:50:40.221 INFO [main] org.apache.catalina.startup.HostConfig.deployDirectory Deployment of web application directory [/home/dragon/apache-tomcat-9.0.104/apache-tomcat-9.0.104/webapps/examples] has finished in [246] ms
11-May-2025 13:50:40.222 INFO [main] org.apache.catalina.startup.HostConfig.deployDirectory Deploying web application directory [/home/dragon/apache-tomcat-9.0.104/apache-tomcat-9.0.104/webapps/docs]
11-May-2025 13:50:40.245 INFO [main] org.apache.catalina.startup.HostConfig.deployDirectory Deployment of web application directory [/home/dragon/apache-tomcat-9.0.104/apache-tomcat-9.0.104/webapps/docs] has finished in [24] ms
11-May-2025 13:50:40.246 INFO [main] org.apache.catalina.startup.HostConfig.deployDirectory Deploying web application directory [/home/dragon/apache-tomcat-9.0.104/apache-tomcat-9.0.104/webapps/host-manager]
11-May-2025 13:50:40.270 INFO [main] org.apache.catalina.startup.HostConfig.deployDirectory Deployment of web application directory [/home/dragon/apache-tomcat-9.0.104/apache-tomcat-9.0.104/webapps/host-manager] has finished in [23] ms
11-May-2025 13:50:40.270 INFO [main] org.apache.catalina.startup.HostConfig.deployDirectory Deploying web application directory [/home/dragon/apache-tomcat-9.0.104/apache-tomcat-9.0.104/webapps/lab13]
11-May-2025 13:50:40.279 WARNING [main] org.apache.tomcat.util.descriptor.web.WebXml.setVersion Unknown version string [5.0]. Default version will be used.
11-May-2025 13:50:40.307 INFO [main] org.apache.catalina.startup.HostConfig.deployDirectory Deployment of web application directory [/home/dragon/apache-tomcat-9.0.104/apache-tomcat-9.0.104/webapps/lab13] has finished in [37] ms
11-May-2025 13:50:40.314 INFO [main] org.apache.coyote.AbstractProtocol.start Starting ProtocolHandler ["http-nio-8080"]
11-May-2025 13:50:40.325 INFO [main] org.apache.catalina.startup.Catalina.start Server startup in [756] milliseconds
11-May-2025 13:56:46.221 INFO [http-nio-8080-exec-8] org.apache.coyote.http11.Http11Processor.service Error parsing HTTP request header
 Note: further occurrences of HTTP request parsing errors will be logged at DEBUG level.
	java.lang.IllegalArgumentException: Invalid character found in method name [0x160x030x010x07]0x010x000x07Y0x030x030x130x1f0xbdZ0x0d0x0a0x880xba0x190xa00x0f>U0xe40xc30xf90x04\0xe50xc20x140xf40x170xa60xce0xf60xc4>0xbf0x020x1f0x17 ]. HTTP method names must be tokens
		at org.apache.coyote.http11.Http11InputBuffer.parseRequestLine(Http11InputBuffer.java:404)
		at org.apache.coyote.http11.Http11Processor.service(Http11Processor.java:270)
		at org.apache.coyote.AbstractProcessorLight.process(AbstractProcessorLight.java:63)
		at org.apache.coyote.AbstractProtocol$ConnectionHandler.process(AbstractProtocol.java:935)
		at org.apache.tomcat.util.net.NioEndpoint$SocketProcessor.doRun(NioEndpoint.java:1792)
		at org.apache.tomcat.util.net.SocketProcessorBase.run(SocketProcessorBase.java:52)
		at org.apache.tomcat.util.threads.ThreadPoolExecutor.runWorker(ThreadPoolExecutor.java:1189)
		at org.apache.tomcat.util.threads.ThreadPoolExecutor$Worker.run(ThreadPoolExecutor.java:658)
		at org.apache.tomcat.util.threads.TaskThread$WrappingRunnable.run(TaskThread.java:63)
		at java.base/java.lang.Thread.run(Thread.java:829)
11-May-2025 13:56:46.229 INFO [http-nio-8080-exec-9] org.apache.coyote.http11.Http11Processor.service Error parsing HTTP request header
 Note: further occurrences of HTTP request parsing errors will be logged at DEBUG level.
	java.lang.IllegalArgumentException: Invalid character found in method name [0x160x030x010x07]0x010x000x07Y0x030x030xcay0xd80x9bF&Q0xe9\@y0xd50xb1\0xe6r0x1e0xd40xce0x070x180x0c#/0x090x1a0xdaq0xa50xfa0x170xc1 ]. HTTP method names must be tokens
		at org.apache.coyote.http11.Http11InputBuffer.parseRequestLine(Http11InputBuffer.java:404)
		at org.apache.coyote.http11.Http11Processor.service(Http11Processor.java:270)
		at org.apache.coyote.AbstractProcessorLight.process(AbstractProcessorLight.java:63)
		at org.apache.coyote.AbstractProtocol$ConnectionHandler.process(AbstractProtocol.java:935)
		at org.apache.tomcat.util.net.NioEndpoint$SocketProcessor.doRun(NioEndpoint.java:1792)
		at org.apache.tomcat.util.net.SocketProcessorBase.run(SocketProcessorBase.java:52)
		at org.apache.tomcat.util.threads.ThreadPoolExecutor.runWorker(ThreadPoolExecutor.java:1189)
		at org.apache.tomcat.util.threads.ThreadPoolExecutor$Worker.run(ThreadPoolExecutor.java:658)
		at org.apache.tomcat.util.threads.TaskThread$WrappingRunnable.run(TaskThread.java:63)
		at java.base/java.lang.Thread.run(Thread.java:829)
11-May-2025 16:11:13.478 INFO [main] org.apache.catalina.core.StandardServer.await A valid shutdown command was received via the shutdown port. Stopping the Server instance.
11-May-2025 16:11:13.478 INFO [main] org.apache.coyote.AbstractProtocol.pause Pausing ProtocolHandler ["http-nio-8080"]
11-May-2025 16:11:13.482 INFO [main] org.apache.catalina.core.StandardService.stopInternal Stopping service [Catalina]
11-May-2025 16:11:13.514 INFO [main] org.apache.coyote.AbstractProtocol.stop Stopping ProtocolHandler ["http-nio-8080"]
11-May-2025 16:11:13.529 INFO [main] org.apache.coyote.AbstractProtocol.destroy Destroying ProtocolHandler ["http-nio-8080"]
11-May-2025 16:19:37.902 INFO [main] org.apache.catalina.startup.VersionLoggerListener.log Server version name:   Apache Tomcat/9.0.104
11-May-2025 16:19:37.907 INFO [main] org.apache.catalina.startup.VersionLoggerListener.log Server built:          Apr 4 2025 12:32:55 UTC
11-May-2025 16:19:37.907 INFO [main] org.apache.catalina.startup.VersionLoggerListener.log Server version number: 9.0.104.0
11-May-2025 16:19:37.907 INFO [main] org.apache.catalina.startup.VersionLoggerListener.log OS Name:               Linux
11-May-2025 16:19:37.907 INFO [main] org.apache.catalina.startup.VersionLoggerListener.log OS Version:            6.8.0-52-generic
11-May-2025 16:19:37.908 INFO [main] org.apache.catalina.startup.VersionLoggerListener.log Architecture:          amd64
11-May-2025 16:19:37.908 INFO [main] org.apache.catalina.startup.VersionLoggerListener.log Java Home:             /usr/lib/jvm/java-11-openjdk-amd64
11-May-2025 16:19:37.908 INFO [main] org.apache.catalina.startup.VersionLoggerListener.log JVM Version:           11.0.26+4-post-Ubuntu-1ubuntu122.04
11-May-2025 16:19:37.908 INFO [main] org.apache.catalina.startup.VersionLoggerListener.log JVM Vendor:            Ubuntu
11-May-2025 16:19:37.908 INFO [main] org.apache.catalina.startup.VersionLoggerListener.log CATALINA_BASE:         /home/dragon/apache-tomcat-9.0.104/apache-tomcat-9.0.104
11-May-2025 16:19:37.908 INFO [main] org.apache.catalina.startup.VersionLoggerListener.log CATALINA_HOME:         /home/dragon/apache-tomcat-9.0.104/apache-tomcat-9.0.104
11-May-2025 16:19:37.922 INFO [main] org.apache.catalina.startup.VersionLoggerListener.log Command line argument: --add-opens=java.base/java.lang=ALL-UNNAMED
11-May-2025 16:19:37.923 INFO [main] org.apache.catalina.startup.VersionLoggerListener.log Command line argument: --add-opens=java.base/java.lang.invoke=ALL-UNNAMED
11-May-2025 16:19:37.923 INFO [main] org.apache.catalina.startup.VersionLoggerListener.log Command line argument: --add-opens=java.base/java.lang.reflect=ALL-UNNAMED
11-May-2025 16:19:37.923 INFO [main] org.apache.catalina.startup.VersionLoggerListener.log Command line argument: --add-opens=java.base/java.io=ALL-UNNAMED
11-May-2025 16:19:37.923 INFO [main] org.apache.catalina.startup.VersionLoggerListener.log Command line argument: --add-opens=java.base/java.util=ALL-UNNAMED
11-May-2025 16:19:37.923 INFO [main] org.apache.catalina.startup.VersionLoggerListener.log Command line argument: --add-opens=java.base/java.util.concurrent=ALL-UNNAMED
11-May-2025 16:19:37.924 INFO [main] org.apache.catalina.startup.VersionLoggerListener.log Command line argument: --add-opens=java.rmi/sun.rmi.transport=ALL-UNNAMED
11-May-2025 16:19:37.924 INFO [main] org.apache.catalina.startup.VersionLoggerListener.log Command line argument: -Djava.util.logging.config.file=/home/dragon/apache-tomcat-9.0.104/apache-tomcat-9.0.104/conf/logging.properties
11-May-2025 16:19:37.924 INFO [main] org.apache.catalina.startup.VersionLoggerListener.log Command line argument: -Djava.util.logging.manager=org.apache.juli.ClassLoaderLogManager
11-May-2025 16:19:37.924 INFO [main] org.apache.catalina.startup.VersionLoggerListener.log Command line argument: -Djdk.tls.ephemeralDHKeySize=2048
11-May-2025 16:19:37.924 INFO [main] org.apache.catalina.startup.VersionLoggerListener.log Command line argument: -Djava.protocol.handler.pkgs=org.apache.catalina.webresources
11-May-2025 16:19:37.924 INFO [main] org.apache.catalina.startup.VersionLoggerListener.log Command line argument: -Dsun.io.useCanonCaches=false
11-May-2025 16:19:37.924 INFO [main] org.apache.catalina.startup.VersionLoggerListener.log Command line argument: -Dorg.apache.catalina.security.SecurityListener.UMASK=0027
11-May-2025 16:19:37.925 INFO [main] org.apache.catalina.startup.VersionLoggerListener.log Command line argument: -Dignore.endorsed.dirs=
11-May-2025 16:19:37.925 INFO [main] org.apache.catalina.startup.VersionLoggerListener.log Command line argument: -Dcatalina.base=/home/dragon/apache-tomcat-9.0.104/apache-tomcat-9.0.104
11-May-2025 16:19:37.925 INFO [main] org.apache.catalina.startup.VersionLoggerListener.log Command line argument: -Dcatalina.home=/home/dragon/apache-tomcat-9.0.104/apache-tomcat-9.0.104
11-May-2025 16:19:37.925 INFO [main] org.apache.catalina.startup.VersionLoggerListener.log Command line argument: -Djava.io.tmpdir=/home/dragon/apache-tomcat-9.0.104/apache-tomcat-9.0.104/temp
11-May-2025 16:19:37.927 INFO [main] org.apache.catalina.core.AprLifecycleListener.lifecycleEvent The Apache Tomcat Native library which allows using OpenSSL was not found on the java.library.path: [/usr/java/packages/lib:/usr/lib/x86_64-linux-gnu/jni:/lib/x86_64-linux-gnu:/usr/lib/x86_64-linux-gnu:/usr/lib/jni:/lib:/usr/lib]
11-May-2025 16:19:38.374 INFO [main] org.apache.coyote.AbstractProtocol.init Initializing ProtocolHandler ["http-nio-8080"]
11-May-2025 16:19:38.400 INFO [main] org.apache.catalina.startup.Catalina.load Server initialization in [745] milliseconds
11-May-2025 16:19:38.468 INFO [main] org.apache.catalina.core.StandardService.startInternal Starting service [Catalina]
11-May-2025 16:19:38.468 INFO [main] org.apache.catalina.core.StandardEngine.startInternal Starting Servlet engine: [Apache Tomcat/9.0.104]
11-May-2025 16:19:38.477 INFO [main] org.apache.catalina.startup.HostConfig.deployDirectory Deploying web application directory [/home/dragon/apache-tomcat-9.0.104/apache-tomcat-9.0.104/webapps/manager]
11-May-2025 16:19:38.801 INFO [main] org.apache.catalina.startup.HostConfig.deployDirectory Deployment of web application directory [/home/dragon/apache-tomcat-9.0.104/apache-tomcat-9.0.104/webapps/manager] has finished in [323] ms
11-May-2025 16:19:38.801 INFO [main] org.apache.catalina.startup.HostConfig.deployDirectory Deploying web application directory [/home/dragon/apache-tomcat-9.0.104/apache-tomcat-9.0.104/webapps/ROOT]
11-May-2025 16:19:38.827 INFO [main] org.apache.catalina.startup.HostConfig.deployDirectory Deployment of web application directory [/home/dragon/apache-tomcat-9.0.104/apache-tomcat-9.0.104/webapps/ROOT] has finished in [25] ms
11-May-2025 16:19:38.827 INFO [main] org.apache.catalina.startup.HostConfig.deployDirectory Deploying web application directory [/home/dragon/apache-tomcat-9.0.104/apache-tomcat-9.0.104/webapps/examples]
11-May-2025 16:19:39.086 INFO [main] org.apache.catalina.startup.HostConfig.deployDirectory Deployment of web application directory [/home/dragon/apache-tomcat-9.0.104/apache-tomcat-9.0.104/webapps/examples] has finished in [258] ms
11-May-2025 16:19:39.086 INFO [main] org.apache.catalina.startup.HostConfig.deployDirectory Deploying web application directory [/home/dragon/apache-tomcat-9.0.104/apache-tomcat-9.0.104/webapps/docs]
11-May-2025 16:19:39.112 INFO [main] org.apache.catalina.startup.HostConfig.deployDirectory Deployment of web application directory [/home/dragon/apache-tomcat-9.0.104/apache-tomcat-9.0.104/webapps/docs] has finished in [26] ms
11-May-2025 16:19:39.112 INFO [main] org.apache.catalina.startup.HostConfig.deployDirectory Deploying web application directory [/home/dragon/apache-tomcat-9.0.104/apache-tomcat-9.0.104/webapps/host-manager]
11-May-2025 16:19:39.140 INFO [main] org.apache.catalina.startup.HostConfig.deployDirectory Deployment of web application directory [/home/dragon/apache-tomcat-9.0.104/apache-tomcat-9.0.104/webapps/host-manager] has finished in [28] ms
11-May-2025 16:19:39.140 INFO [main] org.apache.catalina.startup.HostConfig.deployDirectory Deploying web application directory [/home/dragon/apache-tomcat-9.0.104/apache-tomcat-9.0.104/webapps/lab13]
11-May-2025 16:19:39.150 WARNING [main] org.apache.tomcat.util.descriptor.web.WebXml.setVersion Unknown version string [5.0]. Default version will be used.
11-May-2025 16:19:39.181 INFO [main] org.apache.catalina.startup.HostConfig.deployDirectory Deployment of web application directory [/home/dragon/apache-tomcat-9.0.104/apache-tomcat-9.0.104/webapps/lab13] has finished in [41] ms
11-May-2025 16:19:39.189 INFO [main] org.apache.coyote.AbstractProtocol.start Starting ProtocolHandler ["http-nio-8080"]
11-May-2025 16:19:39.209 INFO [main] org.apache.catalina.startup.Catalina.start Server startup in [808] milliseconds
11-May-2025 16:24:09.147 INFO [main] org.apache.catalina.core.StandardServer.await A valid shutdown command was received via the shutdown port. Stopping the Server instance.
11-May-2025 16:24:09.148 INFO [main] org.apache.coyote.AbstractProtocol.pause Pausing ProtocolHandler ["http-nio-8080"]
11-May-2025 16:24:09.151 INFO [main] org.apache.catalina.core.StandardService.stopInternal Stopping service [Catalina]
11-May-2025 16:24:09.180 INFO [main] org.apache.coyote.AbstractProtocol.stop Stopping ProtocolHandler ["http-nio-8080"]
11-May-2025 16:24:09.188 INFO [main] org.apache.coyote.AbstractProtocol.destroy Destroying ProtocolHandler ["http-nio-8080"]
11-May-2025 16:33:07.302 INFO [main] org.apache.catalina.startup.VersionLoggerListener.log Server version name:   Apache Tomcat/9.0.104
11-May-2025 16:33:07.306 INFO [main] org.apache.catalina.startup.VersionLoggerListener.log Server built:          Apr 4 2025 12:32:55 UTC
11-May-2025 16:33:07.307 INFO [main] org.apache.catalina.startup.VersionLoggerListener.log Server version number: 9.0.104.0
11-May-2025 16:33:07.307 INFO [main] org.apache.catalina.startup.VersionLoggerListener.log OS Name:               Linux
11-May-2025 16:33:07.307 INFO [main] org.apache.catalina.startup.VersionLoggerListener.log OS Version:            6.8.0-52-generic
11-May-2025 16:33:07.307 INFO [main] org.apache.catalina.startup.VersionLoggerListener.log Architecture:          amd64
11-May-2025 16:33:07.307 INFO [main] org.apache.catalina.startup.VersionLoggerListener.log Java Home:             /usr/lib/jvm/java-11-openjdk-amd64
11-May-2025 16:33:07.307 INFO [main] org.apache.catalina.startup.VersionLoggerListener.log JVM Version:           11.0.26+4-post-Ubuntu-1ubuntu122.04
11-May-2025 16:33:07.308 INFO [main] org.apache.catalina.startup.VersionLoggerListener.log JVM Vendor:            Ubuntu
11-May-2025 16:33:07.308 INFO [main] org.apache.catalina.startup.VersionLoggerListener.log CATALINA_BASE:         /home/dragon/apache-tomcat-9.0.104/apache-tomcat-9.0.104
11-May-2025 16:33:07.308 INFO [main] org.apache.catalina.startup.VersionLoggerListener.log CATALINA_HOME:         /home/dragon/apache-tomcat-9.0.104/apache-tomcat-9.0.104
11-May-2025 16:33:07.320 INFO [main] org.apache.catalina.startup.VersionLoggerListener.log Command line argument: --add-opens=java.base/java.lang=ALL-UNNAMED
11-May-2025 16:33:07.320 INFO [main] org.apache.catalina.startup.VersionLoggerListener.log Command line argument: --add-opens=java.base/java.lang.invoke=ALL-UNNAMED
11-May-2025 16:33:07.321 INFO [main] org.apache.catalina.startup.VersionLoggerListener.log Command line argument: --add-opens=java.base/java.lang.reflect=ALL-UNNAMED
11-May-2025 16:33:07.321 INFO [main] org.apache.catalina.startup.VersionLoggerListener.log Command line argument: --add-opens=java.base/java.io=ALL-UNNAMED
11-May-2025 16:33:07.321 INFO [main] org.apache.catalina.startup.VersionLoggerListener.log Command line argument: --add-opens=java.base/java.util=ALL-UNNAMED
11-May-2025 16:33:07.321 INFO [main] org.apache.catalina.startup.VersionLoggerListener.log Command line argument: --add-opens=java.base/java.util.concurrent=ALL-UNNAMED
11-May-2025 16:33:07.321 INFO [main] org.apache.catalina.startup.VersionLoggerListener.log Command line argument: --add-opens=java.rmi/sun.rmi.transport=ALL-UNNAMED
11-May-2025 16:33:07.321 INFO [main] org.apache.catalina.startup.VersionLoggerListener.log Command line argument: -Djava.util.logging.config.file=/home/dragon/apache-tomcat-9.0.104/apache-tomcat-9.0.104/conf/logging.properties
11-May-2025 16:33:07.321 INFO [main] org.apache.catalina.startup.VersionLoggerListener.log Command line argument: -Djava.util.logging.manager=org.apache.juli.ClassLoaderLogManager
11-May-2025 16:33:07.322 INFO [main] org.apache.catalina.startup.VersionLoggerListener.log Command line argument: -Djdk.tls.ephemeralDHKeySize=2048
11-May-2025 16:33:07.322 INFO [main] org.apache.catalina.startup.VersionLoggerListener.log Command line argument: -Djava.protocol.handler.pkgs=org.apache.catalina.webresources
11-May-2025 16:33:07.322 INFO [main] org.apache.catalina.startup.VersionLoggerListener.log Command line argument: -Dsun.io.useCanonCaches=false
11-May-2025 16:33:07.322 INFO [main] org.apache.catalina.startup.VersionLoggerListener.log Command line argument: -Dorg.apache.catalina.security.SecurityListener.UMASK=0027
11-May-2025 16:33:07.322 INFO [main] org.apache.catalina.startup.VersionLoggerListener.log Command line argument: -Dignore.endorsed.dirs=
11-May-2025 16:33:07.322 INFO [main] org.apache.catalina.startup.VersionLoggerListener.log Command line argument: -Dcatalina.base=/home/dragon/apache-tomcat-9.0.104/apache-tomcat-9.0.104
11-May-2025 16:33:07.323 INFO [main] org.apache.catalina.startup.VersionLoggerListener.log Command line argument: -Dcatalina.home=/home/dragon/apache-tomcat-9.0.104/apache-tomcat-9.0.104
11-May-2025 16:33:07.323 INFO [main] org.apache.catalina.startup.VersionLoggerListener.log Command line argument: -Djava.io.tmpdir=/home/dragon/apache-tomcat-9.0.104/apache-tomcat-9.0.104/temp
11-May-2025 16:33:07.325 INFO [main] org.apache.catalina.core.AprLifecycleListener.lifecycleEvent The Apache Tomcat Native library which allows using OpenSSL was not found on the java.library.path: [/usr/java/packages/lib:/usr/lib/x86_64-linux-gnu/jni:/lib/x86_64-linux-gnu:/usr/lib/x86_64-linux-gnu:/usr/lib/jni:/lib:/usr/lib]
11-May-2025 16:33:07.721 INFO [main] org.apache.coyote.AbstractProtocol.init Initializing ProtocolHandler ["http-nio-8080"]
11-May-2025 16:33:07.746 INFO [main] org.apache.catalina.startup.Catalina.load Server initialization in [692] milliseconds
11-May-2025 16:33:07.814 INFO [main] org.apache.catalina.core.StandardService.startInternal Starting service [Catalina]
11-May-2025 16:33:07.814 INFO [main] org.apache.catalina.core.StandardEngine.startInternal Starting Servlet engine: [Apache Tomcat/9.0.104]
11-May-2025 16:33:07.823 INFO [main] org.apache.catalina.startup.HostConfig.deployDirectory Deploying web application directory [/home/dragon/apache-tomcat-9.0.104/apache-tomcat-9.0.104/webapps/manager]
11-May-2025 16:33:08.144 INFO [main] org.apache.catalina.startup.HostConfig.deployDirectory Deployment of web application directory [/home/dragon/apache-tomcat-9.0.104/apache-tomcat-9.0.104/webapps/manager] has finished in [320] ms
11-May-2025 16:33:08.145 INFO [main] org.apache.catalina.startup.HostConfig.deployDirectory Deploying web application directory [/home/dragon/apache-tomcat-9.0.104/apache-tomcat-9.0.104/webapps/ROOT]
11-May-2025 16:33:08.172 INFO [main] org.apache.catalina.startup.HostConfig.deployDirectory Deployment of web application directory [/home/dragon/apache-tomcat-9.0.104/apache-tomcat-9.0.104/webapps/ROOT] has finished in [28] ms
11-May-2025 16:33:08.173 INFO [main] org.apache.catalina.startup.HostConfig.deployDirectory Deploying web application directory [/home/dragon/apache-tomcat-9.0.104/apache-tomcat-9.0.104/webapps/examples]
11-May-2025 16:33:08.437 INFO [main] org.apache.catalina.startup.HostConfig.deployDirectory Deployment of web application directory [/home/dragon/apache-tomcat-9.0.104/apache-tomcat-9.0.104/webapps/examples] has finished in [263] ms
11-May-2025 16:33:08.437 INFO [main] org.apache.catalina.startup.HostConfig.deployDirectory Deploying web application directory [/home/dragon/apache-tomcat-9.0.104/apache-tomcat-9.0.104/webapps/docs]
11-May-2025 16:33:08.461 INFO [main] org.apache.catalina.startup.HostConfig.deployDirectory Deployment of web application directory [/home/dragon/apache-tomcat-9.0.104/apache-tomcat-9.0.104/webapps/docs] has finished in [23] ms
11-May-2025 16:33:08.461 INFO [main] org.apache.catalina.startup.HostConfig.deployDirectory Deploying web application directory [/home/dragon/apache-tomcat-9.0.104/apache-tomcat-9.0.104/webapps/host-manager]
11-May-2025 16:33:08.487 INFO [main] org.apache.catalina.startup.HostConfig.deployDirectory Deployment of web application directory [/home/dragon/apache-tomcat-9.0.104/apache-tomcat-9.0.104/webapps/host-manager] has finished in [26] ms
11-May-2025 16:33:08.487 INFO [main] org.apache.catalina.startup.HostConfig.deployDirectory Deploying web application directory [/home/dragon/apache-tomcat-9.0.104/apache-tomcat-9.0.104/webapps/lab13]
11-May-2025 16:33:08.495 WARNING [main] org.apache.tomcat.util.descriptor.web.WebXml.setVersion Unknown version string [5.0]. Default version will be used.
11-May-2025 16:33:08.528 INFO [main] org.apache.catalina.startup.HostConfig.deployDirectory Deployment of web application directory [/home/dragon/apache-tomcat-9.0.104/apache-tomcat-9.0.104/webapps/lab13] has finished in [40] ms
11-May-2025 16:33:08.536 INFO [main] org.apache.coyote.AbstractProtocol.start Starting ProtocolHandler ["http-nio-8080"]
11-May-2025 16:33:08.559 INFO [main] org.apache.catalina.startup.Catalina.start Server startup in [811] milliseconds
