15-May-2025 15:54:39.993 INFO [main] org.apache.catalina.startup.VersionLoggerListener.log Server version name:   Apache Tomcat/9.0.104
15-May-2025 15:54:40.002 INFO [main] org.apache.catalina.startup.VersionLoggerListener.log Server built:          Apr 4 2025 12:32:55 UTC
15-May-2025 15:54:40.003 INFO [main] org.apache.catalina.startup.VersionLoggerListener.log Server version number: 9.0.104.0
15-May-2025 15:54:40.004 INFO [main] org.apache.catalina.startup.VersionLoggerListener.log OS Name:               Linux
15-May-2025 15:54:40.004 INFO [main] org.apache.catalina.startup.VersionLoggerListener.log OS Version:            6.8.0-52-generic
15-May-2025 15:54:40.005 INFO [main] org.apache.catalina.startup.VersionLoggerListener.log Architecture:          amd64
15-May-2025 15:54:40.006 INFO [main] org.apache.catalina.startup.VersionLoggerListener.log Java Home:             /usr/lib/jvm/java-11-openjdk-amd64
15-May-2025 15:54:40.006 INFO [main] org.apache.catalina.startup.VersionLoggerListener.log JVM Version:           11.0.26+4-post-Ubuntu-1ubuntu122.04
15-May-2025 15:54:40.007 INFO [main] org.apache.catalina.startup.VersionLoggerListener.log JVM Vendor:            Ubuntu
15-May-2025 15:54:40.007 INFO [main] org.apache.catalina.startup.VersionLoggerListener.log CATALINA_BASE:         /home/dragon/apache-tomcat-9.0.104/apache-tomcat-9.0.104
15-May-2025 15:54:40.008 INFO [main] org.apache.catalina.startup.VersionLoggerListener.log CATALINA_HOME:         /home/dragon/apache-tomcat-9.0.104/apache-tomcat-9.0.104
15-May-2025 15:54:40.034 INFO [main] org.apache.catalina.startup.VersionLoggerListener.log Command line argument: --add-opens=java.base/java.lang=ALL-UNNAMED
15-May-2025 15:54:40.034 INFO [main] org.apache.catalina.startup.VersionLoggerListener.log Command line argument: --add-opens=java.base/java.lang.invoke=ALL-UNNAMED
15-May-2025 15:54:40.035 INFO [main] org.apache.catalina.startup.VersionLoggerListener.log Command line argument: --add-opens=java.base/java.lang.reflect=ALL-UNNAMED
15-May-2025 15:54:40.036 INFO [main] org.apache.catalina.startup.VersionLoggerListener.log Command line argument: --add-opens=java.base/java.io=ALL-UNNAMED
15-May-2025 15:54:40.036 INFO [main] org.apache.catalina.startup.VersionLoggerListener.log Command line argument: --add-opens=java.base/java.util=ALL-UNNAMED
15-May-2025 15:54:40.037 INFO [main] org.apache.catalina.startup.VersionLoggerListener.log Command line argument: --add-opens=java.base/java.util.concurrent=ALL-UNNAMED
15-May-2025 15:54:40.037 INFO [main] org.apache.catalina.startup.VersionLoggerListener.log Command line argument: --add-opens=java.rmi/sun.rmi.transport=ALL-UNNAMED
15-May-2025 15:54:40.037 INFO [main] org.apache.catalina.startup.VersionLoggerListener.log Command line argument: -Djava.util.logging.config.file=/home/dragon/apache-tomcat-9.0.104/apache-tomcat-9.0.104/conf/logging.properties
15-May-2025 15:54:40.038 INFO [main] org.apache.catalina.startup.VersionLoggerListener.log Command line argument: -Djava.util.logging.manager=org.apache.juli.ClassLoaderLogManager
15-May-2025 15:54:40.038 INFO [main] org.apache.catalina.startup.VersionLoggerListener.log Command line argument: -Djdk.tls.ephemeralDHKeySize=2048
15-May-2025 15:54:40.038 INFO [main] org.apache.catalina.startup.VersionLoggerListener.log Command line argument: -Djava.protocol.handler.pkgs=org.apache.catalina.webresources
15-May-2025 15:54:40.039 INFO [main] org.apache.catalina.startup.VersionLoggerListener.log Command line argument: -Dsun.io.useCanonCaches=false
15-May-2025 15:54:40.039 INFO [main] org.apache.catalina.startup.VersionLoggerListener.log Command line argument: -Dorg.apache.catalina.security.SecurityListener.UMASK=0027
15-May-2025 15:54:40.039 INFO [main] org.apache.catalina.startup.VersionLoggerListener.log Command line argument: -Dignore.endorsed.dirs=
15-May-2025 15:54:40.040 INFO [main] org.apache.catalina.startup.VersionLoggerListener.log Command line argument: -Dcatalina.base=/home/dragon/apache-tomcat-9.0.104/apache-tomcat-9.0.104
15-May-2025 15:54:40.040 INFO [main] org.apache.catalina.startup.VersionLoggerListener.log Command line argument: -Dcatalina.home=/home/dragon/apache-tomcat-9.0.104/apache-tomcat-9.0.104
15-May-2025 15:54:40.040 INFO [main] org.apache.catalina.startup.VersionLoggerListener.log Command line argument: -Djava.io.tmpdir=/home/dragon/apache-tomcat-9.0.104/apache-tomcat-9.0.104/temp
15-May-2025 15:54:40.044 INFO [main] org.apache.catalina.core.AprLifecycleListener.lifecycleEvent The Apache Tomcat Native library which allows using OpenSSL was not found on the java.library.path: [/usr/java/packages/lib:/usr/lib/x86_64-linux-gnu/jni:/lib/x86_64-linux-gnu:/usr/lib/x86_64-linux-gnu:/usr/lib/jni:/lib:/usr/lib]
15-May-2025 15:54:40.947 INFO [main] org.apache.coyote.AbstractProtocol.init Initializing ProtocolHandler ["http-nio-8080"]
15-May-2025 15:54:40.986 SEVERE [main] org.apache.catalina.util.LifecycleBase.handleSubClassException Failed to initialize component [Connector["http-nio-8080"]]
	org.apache.catalina.LifecycleException: Protocol handler initialization failed
		at org.apache.catalina.connector.Connector.initInternal(Connector.java:1048)
		at org.apache.catalina.util.LifecycleBase.init(LifecycleBase.java:122)
		at org.apache.catalina.core.StandardService.initInternal(StandardService.java:522)
		at org.apache.catalina.util.LifecycleBase.init(LifecycleBase.java:122)
		at org.apache.catalina.core.StandardServer.initInternal(StandardServer.java:986)
		at org.apache.catalina.util.LifecycleBase.init(LifecycleBase.java:122)
		at org.apache.catalina.startup.Catalina.load(Catalina.java:690)
		at org.apache.catalina.startup.Catalina.load(Catalina.java:713)
		at java.base/jdk.internal.reflect.NativeMethodAccessorImpl.invoke0(Native Method)
		at java.base/jdk.internal.reflect.NativeMethodAccessorImpl.invoke(NativeMethodAccessorImpl.java:62)
		at java.base/jdk.internal.reflect.DelegatingMethodAccessorImpl.invoke(DelegatingMethodAccessorImpl.java:43)
		at java.base/java.lang.reflect.Method.invoke(Method.java:566)
		at org.apache.catalina.startup.Bootstrap.load(Bootstrap.java:302)
		at org.apache.catalina.startup.Bootstrap.main(Bootstrap.java:475)
	Caused by: java.net.BindException: Address already in use
		at java.base/sun.nio.ch.Net.bind0(Native Method)
		at java.base/sun.nio.ch.Net.bind(Net.java:459)
		at java.base/sun.nio.ch.Net.bind(Net.java:448)
		at java.base/sun.nio.ch.ServerSocketChannelImpl.bind(ServerSocketChannelImpl.java:227)
		at org.apache.tomcat.util.net.NioEndpoint.initServerSocket(NioEndpoint.java:268)
		at org.apache.tomcat.util.net.NioEndpoint.bind(NioEndpoint.java:223)
		at org.apache.tomcat.util.net.AbstractEndpoint.bindWithCleanup(AbstractEndpoint.java:1373)
		at org.apache.tomcat.util.net.AbstractEndpoint.init(AbstractEndpoint.java:1386)
		at org.apache.coyote.AbstractProtocol.init(AbstractProtocol.java:663)
		at org.apache.coyote.http11.AbstractHttp11Protocol.init(AbstractHttp11Protocol.java:80)
		at org.apache.catalina.connector.Connector.initInternal(Connector.java:1046)
		... 13 more
15-May-2025 15:54:40.991 INFO [main] org.apache.catalina.startup.Catalina.load Server initialization in [1648] milliseconds
15-May-2025 15:54:41.181 INFO [main] org.apache.catalina.core.StandardService.startInternal Starting service [Catalina]
15-May-2025 15:54:41.182 INFO [main] org.apache.catalina.core.StandardEngine.startInternal Starting Servlet engine: [Apache Tomcat/9.0.104]
15-May-2025 15:54:41.202 INFO [main] org.apache.catalina.startup.HostConfig.deployDirectory Deploying web application directory [/home/dragon/apache-tomcat-9.0.104/apache-tomcat-9.0.104/webapps/manager]
15-May-2025 15:54:41.952 INFO [main] org.apache.catalina.startup.HostConfig.deployDirectory Deployment of web application directory [/home/dragon/apache-tomcat-9.0.104/apache-tomcat-9.0.104/webapps/manager] has finished in [750] ms
15-May-2025 15:54:41.953 INFO [main] org.apache.catalina.startup.HostConfig.deployDirectory Deploying web application directory [/home/dragon/apache-tomcat-9.0.104/apache-tomcat-9.0.104/webapps/ROOT]
15-May-2025 15:54:42.009 INFO [main] org.apache.catalina.startup.HostConfig.deployDirectory Deployment of web application directory [/home/dragon/apache-tomcat-9.0.104/apache-tomcat-9.0.104/webapps/ROOT] has finished in [55] ms
15-May-2025 15:54:42.010 INFO [main] org.apache.catalina.startup.HostConfig.deployDirectory Deploying web application directory [/home/dragon/apache-tomcat-9.0.104/apache-tomcat-9.0.104/webapps/examples]
15-May-2025 15:54:42.695 INFO [main] org.apache.catalina.startup.HostConfig.deployDirectory Deployment of web application directory [/home/dragon/apache-tomcat-9.0.104/apache-tomcat-9.0.104/webapps/examples] has finished in [684] ms
15-May-2025 15:54:42.695 INFO [main] org.apache.catalina.startup.HostConfig.deployDirectory Deploying web application directory [/home/dragon/apache-tomcat-9.0.104/apache-tomcat-9.0.104/webapps/docs]
15-May-2025 15:54:42.746 INFO [main] org.apache.catalina.startup.HostConfig.deployDirectory Deployment of web application directory [/home/dragon/apache-tomcat-9.0.104/apache-tomcat-9.0.104/webapps/docs] has finished in [50] ms
15-May-2025 15:54:42.746 INFO [main] org.apache.catalina.startup.HostConfig.deployDirectory Deploying web application directory [/home/dragon/apache-tomcat-9.0.104/apache-tomcat-9.0.104/webapps/host-manager]
15-May-2025 15:54:42.795 INFO [main] org.apache.catalina.startup.HostConfig.deployDirectory Deployment of web application directory [/home/dragon/apache-tomcat-9.0.104/apache-tomcat-9.0.104/webapps/host-manager] has finished in [49] ms
15-May-2025 15:54:42.796 INFO [main] org.apache.catalina.startup.HostConfig.deployDirectory Deploying web application directory [/home/dragon/apache-tomcat-9.0.104/apache-tomcat-9.0.104/webapps/lab13]
15-May-2025 15:54:42.814 WARNING [main] org.apache.tomcat.util.descriptor.web.WebXml.setVersion Unknown version string [5.0]. Default version will be used.
15-May-2025 15:54:42.891 INFO [main] org.apache.catalina.startup.HostConfig.deployDirectory Deployment of web application directory [/home/dragon/apache-tomcat-9.0.104/apache-tomcat-9.0.104/webapps/lab13] has finished in [94] ms
15-May-2025 15:54:42.906 INFO [main] org.apache.catalina.startup.Catalina.start Server startup in [1915] milliseconds
15-May-2025 15:54:42.910 SEVERE [main] org.apache.catalina.core.StandardServer.await Failed to create server shutdown socket on address [localhost] and port [8005] (base port [8005] and offset [0])
	java.net.BindException: Address already in use (Bind failed)
		at java.base/java.net.PlainSocketImpl.socketBind(Native Method)
		at java.base/java.net.AbstractPlainSocketImpl.bind(AbstractPlainSocketImpl.java:452)
		at java.base/java.net.ServerSocket.bind(ServerSocket.java:395)
		at java.base/java.net.ServerSocket.<init>(ServerSocket.java:257)
		at org.apache.catalina.core.StandardServer.await(StandardServer.java:537)
		at org.apache.catalina.startup.Catalina.await(Catalina.java:829)
		at org.apache.catalina.startup.Catalina.start(Catalina.java:777)
		at java.base/jdk.internal.reflect.NativeMethodAccessorImpl.invoke0(Native Method)
		at java.base/jdk.internal.reflect.NativeMethodAccessorImpl.invoke(NativeMethodAccessorImpl.java:62)
		at java.base/jdk.internal.reflect.DelegatingMethodAccessorImpl.invoke(DelegatingMethodAccessorImpl.java:43)
		at java.base/java.lang.reflect.Method.invoke(Method.java:566)
		at org.apache.catalina.startup.Bootstrap.start(Bootstrap.java:345)
		at org.apache.catalina.startup.Bootstrap.main(Bootstrap.java:476)
15-May-2025 15:54:42.911 INFO [main] org.apache.coyote.AbstractProtocol.pause Pausing ProtocolHandler ["http-nio-8080"]
15-May-2025 15:54:42.912 INFO [main] org.apache.catalina.core.StandardService.stopInternal Stopping service [Catalina]
15-May-2025 15:54:42.971 INFO [main] org.apache.coyote.AbstractProtocol.stop Stopping ProtocolHandler ["http-nio-8080"]
15-May-2025 15:54:42.976 INFO [main] org.apache.coyote.AbstractProtocol.destroy Destroying ProtocolHandler ["http-nio-8080"]
15-May-2025 15:57:07.387 INFO [main] org.apache.catalina.startup.VersionLoggerListener.log Server version name:   Apache Tomcat/9.0.104
15-May-2025 15:57:07.395 INFO [main] org.apache.catalina.startup.VersionLoggerListener.log Server built:          Apr 4 2025 12:32:55 UTC
15-May-2025 15:57:07.396 INFO [main] org.apache.catalina.startup.VersionLoggerListener.log Server version number: 9.0.104.0
15-May-2025 15:57:07.397 INFO [main] org.apache.catalina.startup.VersionLoggerListener.log OS Name:               Linux
15-May-2025 15:57:07.398 INFO [main] org.apache.catalina.startup.VersionLoggerListener.log OS Version:            6.8.0-52-generic
15-May-2025 15:57:07.398 INFO [main] org.apache.catalina.startup.VersionLoggerListener.log Architecture:          amd64
15-May-2025 15:57:07.399 INFO [main] org.apache.catalina.startup.VersionLoggerListener.log Java Home:             /usr/lib/jvm/java-11-openjdk-amd64
15-May-2025 15:57:07.399 INFO [main] org.apache.catalina.startup.VersionLoggerListener.log JVM Version:           11.0.26+4-post-Ubuntu-1ubuntu122.04
15-May-2025 15:57:07.400 INFO [main] org.apache.catalina.startup.VersionLoggerListener.log JVM Vendor:            Ubuntu
15-May-2025 15:57:07.400 INFO [main] org.apache.catalina.startup.VersionLoggerListener.log CATALINA_BASE:         /home/dragon/apache-tomcat-9.0.104/apache-tomcat-9.0.104
15-May-2025 15:57:07.401 INFO [main] org.apache.catalina.startup.VersionLoggerListener.log CATALINA_HOME:         /home/dragon/apache-tomcat-9.0.104/apache-tomcat-9.0.104
15-May-2025 15:57:07.430 INFO [main] org.apache.catalina.startup.VersionLoggerListener.log Command line argument: --add-opens=java.base/java.lang=ALL-UNNAMED
15-May-2025 15:57:07.430 INFO [main] org.apache.catalina.startup.VersionLoggerListener.log Command line argument: --add-opens=java.base/java.lang.invoke=ALL-UNNAMED
15-May-2025 15:57:07.431 INFO [main] org.apache.catalina.startup.VersionLoggerListener.log Command line argument: --add-opens=java.base/java.lang.reflect=ALL-UNNAMED
15-May-2025 15:57:07.432 INFO [main] org.apache.catalina.startup.VersionLoggerListener.log Command line argument: --add-opens=java.base/java.io=ALL-UNNAMED
15-May-2025 15:57:07.433 INFO [main] org.apache.catalina.startup.VersionLoggerListener.log Command line argument: --add-opens=java.base/java.util=ALL-UNNAMED
15-May-2025 15:57:07.433 INFO [main] org.apache.catalina.startup.VersionLoggerListener.log Command line argument: --add-opens=java.base/java.util.concurrent=ALL-UNNAMED
15-May-2025 15:57:07.434 INFO [main] org.apache.catalina.startup.VersionLoggerListener.log Command line argument: --add-opens=java.rmi/sun.rmi.transport=ALL-UNNAMED
15-May-2025 15:57:07.434 INFO [main] org.apache.catalina.startup.VersionLoggerListener.log Command line argument: -Djava.util.logging.config.file=/home/dragon/apache-tomcat-9.0.104/apache-tomcat-9.0.104/conf/logging.properties
15-May-2025 15:57:07.435 INFO [main] org.apache.catalina.startup.VersionLoggerListener.log Command line argument: -Djava.util.logging.manager=org.apache.juli.ClassLoaderLogManager
15-May-2025 15:57:07.435 INFO [main] org.apache.catalina.startup.VersionLoggerListener.log Command line argument: -Djdk.tls.ephemeralDHKeySize=2048
15-May-2025 15:57:07.436 INFO [main] org.apache.catalina.startup.VersionLoggerListener.log Command line argument: -Djava.protocol.handler.pkgs=org.apache.catalina.webresources
15-May-2025 15:57:07.436 INFO [main] org.apache.catalina.startup.VersionLoggerListener.log Command line argument: -Dsun.io.useCanonCaches=false
15-May-2025 15:57:07.436 INFO [main] org.apache.catalina.startup.VersionLoggerListener.log Command line argument: -Dorg.apache.catalina.security.SecurityListener.UMASK=0027
15-May-2025 15:57:07.437 INFO [main] org.apache.catalina.startup.VersionLoggerListener.log Command line argument: -Dignore.endorsed.dirs=
15-May-2025 15:57:07.437 INFO [main] org.apache.catalina.startup.VersionLoggerListener.log Command line argument: -Dcatalina.base=/home/dragon/apache-tomcat-9.0.104/apache-tomcat-9.0.104
15-May-2025 15:57:07.437 INFO [main] org.apache.catalina.startup.VersionLoggerListener.log Command line argument: -Dcatalina.home=/home/dragon/apache-tomcat-9.0.104/apache-tomcat-9.0.104
15-May-2025 15:57:07.438 INFO [main] org.apache.catalina.startup.VersionLoggerListener.log Command line argument: -Djava.io.tmpdir=/home/dragon/apache-tomcat-9.0.104/apache-tomcat-9.0.104/temp
15-May-2025 15:57:07.442 INFO [main] org.apache.catalina.core.AprLifecycleListener.lifecycleEvent The Apache Tomcat Native library which allows using OpenSSL was not found on the java.library.path: [/usr/java/packages/lib:/usr/lib/x86_64-linux-gnu/jni:/lib/x86_64-linux-gnu:/usr/lib/x86_64-linux-gnu:/usr/lib/jni:/lib:/usr/lib]
15-May-2025 15:57:08.327 INFO [main] org.apache.coyote.AbstractProtocol.init Initializing ProtocolHandler ["http-nio-8080"]
15-May-2025 15:57:08.381 INFO [main] org.apache.catalina.startup.Catalina.load Server initialization in [1507] milliseconds
15-May-2025 15:57:08.531 INFO [main] org.apache.catalina.core.StandardService.startInternal Starting service [Catalina]
15-May-2025 15:57:08.531 INFO [main] org.apache.catalina.core.StandardEngine.startInternal Starting Servlet engine: [Apache Tomcat/9.0.104]
15-May-2025 15:57:08.553 INFO [main] org.apache.catalina.startup.HostConfig.deployDirectory Deploying web application directory [/home/dragon/apache-tomcat-9.0.104/apache-tomcat-9.0.104/webapps/manager]
15-May-2025 15:57:09.157 INFO [main] org.apache.catalina.startup.HostConfig.deployDirectory Deployment of web application directory [/home/dragon/apache-tomcat-9.0.104/apache-tomcat-9.0.104/webapps/manager] has finished in [604] ms
15-May-2025 15:57:09.158 INFO [main] org.apache.catalina.startup.HostConfig.deployDirectory Deploying web application directory [/home/dragon/apache-tomcat-9.0.104/apache-tomcat-9.0.104/webapps/ROOT]
15-May-2025 15:57:09.209 INFO [main] org.apache.catalina.startup.HostConfig.deployDirectory Deployment of web application directory [/home/dragon/apache-tomcat-9.0.104/apache-tomcat-9.0.104/webapps/ROOT] has finished in [50] ms
15-May-2025 15:57:09.209 INFO [main] org.apache.catalina.startup.HostConfig.deployDirectory Deploying web application directory [/home/dragon/apache-tomcat-9.0.104/apache-tomcat-9.0.104/webapps/examples]
15-May-2025 15:57:09.731 INFO [main] org.apache.catalina.startup.HostConfig.deployDirectory Deployment of web application directory [/home/dragon/apache-tomcat-9.0.104/apache-tomcat-9.0.104/webapps/examples] has finished in [522] ms
15-May-2025 15:57:09.732 INFO [main] org.apache.catalina.startup.HostConfig.deployDirectory Deploying web application directory [/home/dragon/apache-tomcat-9.0.104/apache-tomcat-9.0.104/webapps/docs]
15-May-2025 15:57:09.769 INFO [main] org.apache.catalina.startup.HostConfig.deployDirectory Deployment of web application directory [/home/dragon/apache-tomcat-9.0.104/apache-tomcat-9.0.104/webapps/docs] has finished in [38] ms
15-May-2025 15:57:09.770 INFO [main] org.apache.catalina.startup.HostConfig.deployDirectory Deploying web application directory [/home/dragon/apache-tomcat-9.0.104/apache-tomcat-9.0.104/webapps/host-manager]
15-May-2025 15:57:09.810 INFO [main] org.apache.catalina.startup.HostConfig.deployDirectory Deployment of web application directory [/home/dragon/apache-tomcat-9.0.104/apache-tomcat-9.0.104/webapps/host-manager] has finished in [39] ms
15-May-2025 15:57:09.811 INFO [main] org.apache.catalina.startup.HostConfig.deployDirectory Deploying web application directory [/home/dragon/apache-tomcat-9.0.104/apache-tomcat-9.0.104/webapps/lab13]
15-May-2025 15:57:09.827 WARNING [main] org.apache.tomcat.util.descriptor.web.WebXml.setVersion Unknown version string [5.0]. Default version will be used.
15-May-2025 15:57:09.880 INFO [main] org.apache.catalina.startup.HostConfig.deployDirectory Deployment of web application directory [/home/dragon/apache-tomcat-9.0.104/apache-tomcat-9.0.104/webapps/lab13] has finished in [70] ms
15-May-2025 15:57:09.896 INFO [main] org.apache.coyote.AbstractProtocol.start Starting ProtocolHandler ["http-nio-8080"]
15-May-2025 15:57:09.960 INFO [main] org.apache.catalina.startup.Catalina.start Server startup in [1578] milliseconds
