11-May-2025 12:47:06.079 INFO [main] org.apache.catalina.core.ApplicationContext.log ContextListener: contextInitialized()
11-May-2025 12:47:06.080 INFO [main] org.apache.catalina.core.ApplicationContext.log SessionListener: contextInitialized()
11-May-2025 12:47:06.081 INFO [main] org.apache.catalina.core.ApplicationContext.log ContextListener: attributeAdded('StockTicker', 'async.Stockticker@94f6bfb')
11-May-2025 12:47:06.165 INFO [main] org.apache.catalina.core.ApplicationContext.log SessionListener: contextDestroyed()
11-May-2025 12:47:06.165 INFO [main] org.apache.catalina.core.ApplicationContext.log ContextListener: contextDestroyed()
11-May-2025 13:29:45.238 INFO [main] org.apache.catalina.core.ApplicationContext.log ContextListener: contextInitialized()
11-May-2025 13:29:45.238 INFO [main] org.apache.catalina.core.ApplicationContext.log SessionListener: contextInitialized()
11-May-2025 13:29:45.240 INFO [main] org.apache.catalina.core.ApplicationContext.log ContextListener: attributeAdded('StockTicker', 'async.Stockticker@35fe2125')
11-May-2025 13:29:45.357 INFO [main] org.apache.catalina.core.ApplicationContext.log SessionListener: contextDestroyed()
11-May-2025 13:29:45.358 INFO [main] org.apache.catalina.core.ApplicationContext.log ContextListener: contextDestroyed()
11-May-2025 13:50:40.212 INFO [main] org.apache.catalina.core.ApplicationContext.log ContextListener: contextInitialized()
11-May-2025 13:50:40.212 INFO [main] org.apache.catalina.core.ApplicationContext.log SessionListener: contextInitialized()
11-May-2025 13:50:40.214 INFO [main] org.apache.catalina.core.ApplicationContext.log ContextListener: attributeAdded('StockTicker', 'async.Stockticker@32cb636e')
11-May-2025 16:11:13.499 INFO [main] org.apache.catalina.core.ApplicationContext.log SessionListener: contextDestroyed()
11-May-2025 16:11:13.499 INFO [main] org.apache.catalina.core.ApplicationContext.log ContextListener: contextDestroyed()
11-May-2025 16:19:39.076 INFO [main] org.apache.catalina.core.ApplicationContext.log ContextListener: contextInitialized()
11-May-2025 16:19:39.077 INFO [main] org.apache.catalina.core.ApplicationContext.log SessionListener: contextInitialized()
11-May-2025 16:19:39.078 INFO [main] org.apache.catalina.core.ApplicationContext.log ContextListener: attributeAdded('StockTicker', 'async.Stockticker@40dd3977')
11-May-2025 16:24:09.166 INFO [main] org.apache.catalina.core.ApplicationContext.log SessionListener: contextDestroyed()
11-May-2025 16:24:09.167 INFO [main] org.apache.catalina.core.ApplicationContext.log ContextListener: contextDestroyed()
11-May-2025 16:33:08.428 INFO [main] org.apache.catalina.core.ApplicationContext.log ContextListener: contextInitialized()
11-May-2025 16:33:08.428 INFO [main] org.apache.catalina.core.ApplicationContext.log SessionListener: contextInitialized()
11-May-2025 16:33:08.430 INFO [main] org.apache.catalina.core.ApplicationContext.log ContextListener: attributeAdded('StockTicker', 'async.Stockticker@6a1d204a')
